<?xml version="1.0" encoding="UTF-8"?>
<!-- Generated by org.testng.reporters.JUnitReportReporter -->
<testsuite hostname="ponsraji-pc" name="com.zero.script.AutomationScript" tests="2" failures="0" timestamp="2 Apr 2019 06:12:20 GMT" time="160.144" errors="0">
  <testcase name="TC01_NavigatetozeroValidCredientials" time="57.993" classname="com.zero.script.AutomationScript"/>
  <testcase name="TC01_NavigatetozeroValidCredientials" time="102.151" classname="com.zero.script.AutomationScript"/>
</testsuite> <!-- com.zero.script.AutomationScript -->
