<?xml version="1.0" encoding="UTF-8"?>
<!-- Generated by org.testng.reporters.JUnitReportReporter -->
<testsuite hostname="ponsraji-pc" name="com.zero.script.AutomationScript" tests="2" failures="0" timestamp="1 Apr 2019 16:49:23 GMT" time="174.624" errors="0">
  <testcase name="TC01_NavigatetozeroValidCredientials" time="130.207" classname="com.zero.script.AutomationScript"/>
  <testcase name="TC01_NavigatetozeroValidCredientials" time="44.417" classname="com.zero.script.AutomationScript"/>
</testsuite> <!-- com.zero.script.AutomationScript -->
