<?xml version="1.0" encoding="UTF-8"?>
<!-- Generated by org.testng.reporters.JUnitReportReporter -->
<testsuite hostname="ponsraji-pc" name="com.zero.script.AutomationScript" tests="1" failures="0" timestamp="2 Apr 2019 17:10:50 GMT" time="55.932" errors="0">
  <testcase name="TC06_UploadImage" time="55.932" classname="com.zero.script.AutomationScript"/>
</testsuite> <!-- com.zero.script.AutomationScript -->
